
*************************************************************
 Geant4 version Name: geant4-09-06-ref-01    (20-December-2012)
                      Copyright : Geant4 Collaboration
                      Reference : NIM A 506 (2003), 250-303
                            WWW : http://cern.ch/geant4
*************************************************************


The materials defined are : 


***** Table : Nb of materials = 3 *****

 Material:      Air    density:  1.290 mg/cm3  RadL: 285.161 m    Nucl.Int.Length: 662.904 m    Imean:  85.703 eV   temperature: 273.15 K  pressure:   1.00 atm
   --->  Element: Nitrogen (N)   Z =  7.0   N =  14.0   A =  14.01 g/mole
         --->  Isotope:   N14   Z =  7   N =  14   A =  14.00 g/mole   abundance:  99.63 %
         --->  Isotope:   N15   Z =  7   N =  15   A =  15.00 g/mole   abundance:   0.37 %
          ElmMassFraction:  70.00 %  ElmAbundance  72.71 % 

   --->  Element: Oxygen (O)   Z =  8.0   N =  16.0   A =  16.00 g/mole
         --->  Isotope:   O16   Z =  8   N =  16   A =  15.99 g/mole   abundance:  99.76 %
         --->  Isotope:   O17   Z =  8   N =  17   A =  17.00 g/mole   abundance:   0.04 %
         --->  Isotope:   O18   Z =  8   N =  18   A =  18.00 g/mole   abundance:   0.20 %
          ElmMassFraction:  30.00 %  ElmAbundance  27.29 % 


 Material:     Lead    density: 11.350 g/cm3   RadL:   5.612 mm   Nucl.Int.Length:  18.258 cm   Imean: 823.000 eV 
   --->  Element: Lead ( )   Z = 82.0   N = 207.2   A = 207.19 g/mole
         --->  Isotope:   204   Z = 82   N = 204   A = 203.97 g/mole   abundance:   1.40 %
         --->  Isotope:   206   Z = 82   N = 206   A = 205.97 g/mole   abundance:  24.10 %
         --->  Isotope:   207   Z = 82   N = 207   A = 206.98 g/mole   abundance:  22.10 %
         --->  Isotope:   208   Z = 82   N = 208   A = 207.98 g/mole   abundance:  52.40 %
          ElmMassFraction: 100.00 %  ElmAbundance 100.00 % 


 Material: XenonGas    density:  5.458 mg/cm3  RadL:  15.539 m    Nucl.Int.Length: 326.401 m    Imean: 482.000 eV   temperature: 293.15 K  pressure:   1.00 atm
   --->  Element: XenonGas ( )   Z = 54.0   N = 131.3   A = 131.29 g/mole
         --->  Isotope:   124   Z = 54   N = 124   A = 123.91 g/mole   abundance:   0.09 %
         --->  Isotope:   126   Z = 54   N = 126   A = 125.90 g/mole   abundance:   0.09 %
         --->  Isotope:   128   Z = 54   N = 128   A = 127.90 g/mole   abundance:   1.92 %
         --->  Isotope:   129   Z = 54   N = 129   A = 128.91 g/mole   abundance:  26.44 %
         --->  Isotope:   130   Z = 54   N = 130   A = 129.90 g/mole   abundance:   4.08 %
         --->  Isotope:   131   Z = 54   N = 131   A = 130.90 g/mole   abundance:  21.18 %
         --->  Isotope:   132   Z = 54   N = 132   A = 131.90 g/mole   abundance:  26.89 %
         --->  Isotope:   134   Z = 54   N = 134   A = 133.91 g/mole   abundance:  10.44 %
         --->  Isotope:   136   Z = 54   N = 136   A = 135.91 g/mole   abundance:   8.87 %
          ElmMassFraction: 100.00 %  ElmAbundance 100.00 % 



Computed tolerance = 5.82e-08 mm
Target is 5 cm of Lead
There are 5 chambers in the tracker region. The chambers are 200 mm of XenonGas
 The distance between chamber is 80 cm
Visualization Manager instantiating with verbosity "warnings (3)"...
Visualization Manager initialising...
Registering graphics systems...

You have successfully registered the following graphics systems.
Current available graphics systems are:
  ASCIITree (ATree)
  DAWNFILE (DAWNFILE)
  G4HepRep (HepRepXML)
  G4HepRepFile (HepRepFile)
  OpenGLImmediateX (OGLI, OGLIX)
  OpenGLStoredX (OGL, OGLS, OGLSX)
  RayTracer (RayTracer)
  VRML1FILE (VRML1FILE)
  VRML2FILE (VRML2FILE)
  gMocrenFile (gMocrenFile)

Registering model factories...

You have successfully registered the following model factories.
Registered model factories:
  generic
  drawByCharge
  drawByParticleID
  drawByOriginVolume
  drawByAttribute

Registered filter factories:
  chargeFilter
  particleFilter
  originVolumeFilter
  attributeFilter

You have successfully registered the following user vis actions.
Run Duration User Vis Actions: none
End of Event User Vis Actions: none
End of Run User Vis Actions: none

Some /vis commands (optionally) take a string to specify colour.
Available colours:
  black, blue, brown, cyan, gray, green, grey, magenta, red, white, yellow


phot:   for  gamma    SubType= 12
      LambdaPrime table from 200 keV to 10 TeV in 54 bins 
      ===== EM models for the G4Region  DefaultRegionForTheWorld ======
       PhotoElectric :  Emin=        0 eV    Emax=       10 TeV   AngularGenSauterGavrila

compt:   for  gamma    SubType= 13
      Lambda table from 100 eV  to 1 MeV in 28 bins, spline: 1
      LambdaPrime table from 1 MeV to 10 TeV in 49 bins 
      ===== EM models for the G4Region  DefaultRegionForTheWorld ======
       Klein-Nishina :  Emin=        0 eV    Emax=       10 TeV

conv:   for  gamma    SubType= 14
      Lambda table from 1.022 MeV to 10 TeV in 49 bins, spline: 1
      ===== EM models for the G4Region  DefaultRegionForTheWorld ======
        BetheHeitler :  Emin=        0 eV    Emax=       80 GeV
     BetheHeitlerLPM :  Emin=       80 GeV   Emax=       10 TeV

msc:   for e-    SubType= 10
      RangeFactor= 0.04, stepLimitType: 1, latDisplacement: 1
      ===== EM models for the G4Region  DefaultRegionForTheWorld ======
          UrbanMsc95 :  Emin=        0 eV    Emax=       10 TeV  Table with 77 bins Emin=    100 eV    Emax=     10 TeV

eIoni:   for  e-    SubType= 2
      dE/dx and range tables from 100 eV  to 10 TeV in 77 bins
      Lambda tables from threshold to 10 TeV in 77 bins, spline: 1
      finalRange(mm)= 1, dRoverRange= 0.2, integral: 1, fluct: 1, linLossLimit= 0.01
      ===== EM models for the G4Region  DefaultRegionForTheWorld ======
        MollerBhabha :  Emin=        0 eV    Emax=       10 TeV

eBrem:   for  e-    SubType= 3
      dE/dx and range tables from 100 eV  to 10 TeV in 77 bins
      Lambda tables from threshold to 10 TeV in 77 bins, spline: 1
      LPM flag: 1 for E > 1 GeV
      ===== EM models for the G4Region  DefaultRegionForTheWorld ======
             eBremSB :  Emin=        0 eV    Emax=        1 GeV   DipBustGen
            eBremLPM :  Emin=        1 GeV   Emax=       10 TeV   DipBustGen

msc:   for e+    SubType= 10
      RangeFactor= 0.04, stepLimitType: 1, latDisplacement: 1
      ===== EM models for the G4Region  DefaultRegionForTheWorld ======
          UrbanMsc95 :  Emin=        0 eV    Emax=       10 TeV  Table with 77 bins Emin=    100 eV    Emax=     10 TeV

eIoni:   for  e+    SubType= 2
      dE/dx and range tables from 100 eV  to 10 TeV in 77 bins
      Lambda tables from threshold to 10 TeV in 77 bins, spline: 1
      finalRange(mm)= 1, dRoverRange= 0.2, integral: 1, fluct: 1, linLossLimit= 0.01
      ===== EM models for the G4Region  DefaultRegionForTheWorld ======
        MollerBhabha :  Emin=        0 eV    Emax=       10 TeV

eBrem:   for  e+    SubType= 3
      dE/dx and range tables from 100 eV  to 10 TeV in 77 bins
      Lambda tables from threshold to 10 TeV in 77 bins, spline: 1
      LPM flag: 1 for E > 1 GeV
      ===== EM models for the G4Region  DefaultRegionForTheWorld ======
             eBremSB :  Emin=        0 eV    Emax=        1 GeV   DipBustGen
            eBremLPM :  Emin=        1 GeV   Emax=       10 TeV   DipBustGen

annihil:   for  e+    SubType= 5
      ===== EM models for the G4Region  DefaultRegionForTheWorld ======
            eplus2gg :  Emin=        0 eV    Emax=       10 TeV

msc:   for proton    SubType= 10
      RangeFactor= 0.2, stepLimitType: 0, latDisplacement: 1
      ===== EM models for the G4Region  DefaultRegionForTheWorld ======
          UrbanMsc95 :  Emin=        0 eV    Emax=       10 TeV  Table with 77 bins Emin=    100 eV    Emax=     10 TeV

hIoni:   for  proton    SubType= 2
      dE/dx and range tables from 100 eV  to 10 TeV in 77 bins
      Lambda tables from threshold to 10 TeV in 77 bins, spline: 1
      finalRange(mm)= 0.1, dRoverRange= 0.2, integral: 1, fluct: 1, linLossLimit= 0.01
      ===== EM models for the G4Region  DefaultRegionForTheWorld ======
               Bragg :  Emin=        0 eV    Emax=        2 MeV
          BetheBloch :  Emin=        2 MeV   Emax=       10 TeV

hBrems:   for  proton    SubType= 3
      dE/dx and range tables from 100 eV  to 10 TeV in 77 bins
      Lambda tables from threshold to 10 TeV in 77 bins, spline: 1
      ===== EM models for the G4Region  DefaultRegionForTheWorld ======
               hBrem :  Emin=        0 eV    Emax=       10 TeV

hPairProd:   for  proton    SubType= 4
      dE/dx and range tables from 100 eV  to 10 TeV in 77 bins
      Lambda tables from threshold to 10 TeV in 77 bins, spline: 1
      ===== EM models for the G4Region  DefaultRegionForTheWorld ======
           hPairProd :  Emin=        0 eV    Emax=       10 TeV

msc:   for anti_proton    SubType= 10
      RangeFactor= 0.2, stepLimitType: 0, latDisplacement: 1
      ===== EM models for the G4Region  DefaultRegionForTheWorld ======
          UrbanMsc95 :  Emin=        0 eV    Emax=       10 TeV  Table with 77 bins Emin=    100 eV    Emax=     10 TeV

hIoni:   for  anti_proton    SubType= 2
      dE/dx and range tables from 100 eV  to 10 TeV in 77 bins
      Lambda tables from threshold to 10 TeV in 77 bins, spline: 1
      finalRange(mm)= 0.1, dRoverRange= 0.2, integral: 1, fluct: 1, linLossLimit= 0.01
      ===== EM models for the G4Region  DefaultRegionForTheWorld ======
            ICRU73QO :  Emin=        0 eV    Emax=        2 MeV
          BetheBloch :  Emin=        2 MeV   Emax=       10 TeV

msc:   for kaon+    SubType= 10
      RangeFactor= 0.2, stepLimitType: 0, latDisplacement: 1
      ===== EM models for the G4Region  DefaultRegionForTheWorld ======
          UrbanMsc95 :  Emin=        0 eV    Emax=       10 TeV  Table with 77 bins Emin=    100 eV    Emax=     10 TeV

hIoni:   for  kaon+    SubType= 2
      dE/dx and range tables from 100 eV  to 10 TeV in 77 bins
      Lambda tables from threshold to 10 TeV in 77 bins, spline: 1
      finalRange(mm)= 0.1, dRoverRange= 0.2, integral: 1, fluct: 1, linLossLimit= 0.01
      ===== EM models for the G4Region  DefaultRegionForTheWorld ======
               Bragg :  Emin=        0 eV    Emax=  1.05231 MeV
          BetheBloch :  Emin=  1.05231 MeV   Emax=       10 TeV

msc:   for kaon-    SubType= 10
      RangeFactor= 0.2, stepLimitType: 0, latDisplacement: 1
      ===== EM models for the G4Region  DefaultRegionForTheWorld ======
          UrbanMsc95 :  Emin=        0 eV    Emax=       10 TeV  Table with 77 bins Emin=    100 eV    Emax=     10 TeV

hIoni:   for  kaon-    SubType= 2
      dE/dx and range tables from 100 eV  to 10 TeV in 77 bins
      Lambda tables from threshold to 10 TeV in 77 bins, spline: 1
      finalRange(mm)= 0.1, dRoverRange= 0.2, integral: 1, fluct: 1, linLossLimit= 0.01
      ===== EM models for the G4Region  DefaultRegionForTheWorld ======
            ICRU73QO :  Emin=        0 eV    Emax=  1.05231 MeV
          BetheBloch :  Emin=  1.05231 MeV   Emax=       10 TeV

msc:   for mu+    SubType= 10
      RangeFactor= 0.2, step limit type: 0, lateralDisplacement: 1, polarAngleLimit(deg)= 0
      ===== EM models for the G4Region  DefaultRegionForTheWorld ======
          UrbanMsc95 :  Emin=        0 eV    Emax=       10 TeV  Table with 77 bins Emin=    100 eV    Emax=     10 TeV

muIoni:   for  mu+    SubType= 2
      dE/dx and range tables from 100 eV  to 10 TeV in 77 bins
      Lambda tables from threshold to 10 TeV in 77 bins, spline: 1
      finalRange(mm)= 1, dRoverRange= 0.2, integral: 1, fluct: 1, linLossLimit= 0.01
      ===== EM models for the G4Region  DefaultRegionForTheWorld ======
               Bragg :  Emin=        0 eV    Emax=      200 keV
          BetheBloch :  Emin=      200 keV   Emax=        1 GeV
        MuBetheBloch :  Emin=        1 GeV   Emax=       10 TeV

muBrems:   for  mu+    SubType= 3
      dE/dx and range tables from 100 eV  to 10 TeV in 77 bins
      Lambda tables from threshold to 10 TeV in 77 bins, spline: 1
      ===== EM models for the G4Region  DefaultRegionForTheWorld ======
              MuBrem :  Emin=        0 eV    Emax=       10 TeV

muPairProd:   for  mu+    SubType= 4
      dE/dx and range tables from 100 eV  to 10 TeV in 77 bins
      Lambda tables from threshold to 10 TeV in 77 bins, spline: 1
      ===== EM models for the G4Region  DefaultRegionForTheWorld ======
          muPairProd :  Emin=        0 eV    Emax=       10 TeV

msc:   for mu-    SubType= 10
      RangeFactor= 0.2, step limit type: 0, lateralDisplacement: 1, polarAngleLimit(deg)= 0
      ===== EM models for the G4Region  DefaultRegionForTheWorld ======
          UrbanMsc95 :  Emin=        0 eV    Emax=       10 TeV  Table with 77 bins Emin=    100 eV    Emax=     10 TeV

muIoni:   for  mu-    SubType= 2
      dE/dx and range tables from 100 eV  to 10 TeV in 77 bins
      Lambda tables from threshold to 10 TeV in 77 bins, spline: 1
      finalRange(mm)= 1, dRoverRange= 0.2, integral: 1, fluct: 1, linLossLimit= 0.01
      ===== EM models for the G4Region  DefaultRegionForTheWorld ======
            ICRU73QO :  Emin=        0 eV    Emax=      200 keV
          BetheBloch :  Emin=      200 keV   Emax=        1 GeV
        MuBetheBloch :  Emin=        1 GeV   Emax=       10 TeV

muBrems:   for  mu-    SubType= 3
      dE/dx and range tables from 100 eV  to 10 TeV in 77 bins
      Lambda tables from threshold to 10 TeV in 77 bins, spline: 1
      ===== EM models for the G4Region  DefaultRegionForTheWorld ======
              MuBrem :  Emin=        0 eV    Emax=       10 TeV

muPairProd:   for  mu-    SubType= 4
      dE/dx and range tables from 100 eV  to 10 TeV in 77 bins
      Lambda tables from threshold to 10 TeV in 77 bins, spline: 1
      ===== EM models for the G4Region  DefaultRegionForTheWorld ======
          muPairProd :  Emin=        0 eV    Emax=       10 TeV

msc:   for pi+    SubType= 10
      RangeFactor= 0.2, stepLimitType: 0, latDisplacement: 1
      ===== EM models for the G4Region  DefaultRegionForTheWorld ======
          UrbanMsc95 :  Emin=        0 eV    Emax=       10 TeV  Table with 77 bins Emin=    100 eV    Emax=     10 TeV

hIoni:   for  pi+    SubType= 2
      dE/dx and range tables from 100 eV  to 10 TeV in 77 bins
      Lambda tables from threshold to 10 TeV in 77 bins, spline: 1
      finalRange(mm)= 0.1, dRoverRange= 0.2, integral: 1, fluct: 1, linLossLimit= 0.01
      ===== EM models for the G4Region  DefaultRegionForTheWorld ======
               Bragg :  Emin=        0 eV    Emax=  297.505 keV
          BetheBloch :  Emin=  297.505 keV   Emax=       10 TeV

hBrems:   for  pi+    SubType= 3
      dE/dx and range tables from 100 eV  to 10 TeV in 77 bins
      Lambda tables from threshold to 10 TeV in 77 bins, spline: 1
      ===== EM models for the G4Region  DefaultRegionForTheWorld ======
               hBrem :  Emin=        0 eV    Emax=       10 TeV

hPairProd:   for  pi+    SubType= 4
      dE/dx and range tables from 100 eV  to 10 TeV in 77 bins
      Lambda tables from threshold to 10 TeV in 77 bins, spline: 1
      ===== EM models for the G4Region  DefaultRegionForTheWorld ======
           hPairProd :  Emin=        0 eV    Emax=       10 TeV

msc:   for pi-    SubType= 10
      RangeFactor= 0.2, stepLimitType: 0, latDisplacement: 1
      ===== EM models for the G4Region  DefaultRegionForTheWorld ======
          UrbanMsc95 :  Emin=        0 eV    Emax=       10 TeV  Table with 77 bins Emin=    100 eV    Emax=     10 TeV

hIoni:   for  pi-    SubType= 2
      dE/dx and range tables from 100 eV  to 10 TeV in 77 bins
      Lambda tables from threshold to 10 TeV in 77 bins, spline: 1
      finalRange(mm)= 0.1, dRoverRange= 0.2, integral: 1, fluct: 1, linLossLimit= 0.01
      ===== EM models for the G4Region  DefaultRegionForTheWorld ======
            ICRU73QO :  Emin=        0 eV    Emax=  297.505 keV
          BetheBloch :  Emin=  297.505 keV   Emax=       10 TeV

hBrems:   for  pi-    SubType= 3
      dE/dx and range tables from 100 eV  to 10 TeV in 77 bins
      Lambda tables from threshold to 10 TeV in 77 bins, spline: 1
      ===== EM models for the G4Region  DefaultRegionForTheWorld ======
               hBrem :  Emin=        0 eV    Emax=       10 TeV

hPairProd:   for  pi-    SubType= 4
      dE/dx and range tables from 100 eV  to 10 TeV in 77 bins
      Lambda tables from threshold to 10 TeV in 77 bins, spline: 1
      ===== EM models for the G4Region  DefaultRegionForTheWorld ======
           hPairProd :  Emin=        0 eV    Emax=       10 TeV

========= Table of registered couples ==============================

Index : 0     used in the geometry : Yes     recalculation needed : No 
 Material : Air
 Range cuts        :  gamma  1 cm     e-  1 cm     e+  1 cm  proton 1 cm 
 Energy thresholds :  gamma  990 eV     e-  17.6927 keV    e+  17.1942 keV proton 1 MeV
 Region(s) which use this couple : 
    DefaultRegionForTheWorld

Index : 1     used in the geometry : Yes     recalculation needed : No 
 Material : Lead
 Range cuts        :  gamma  1 cm     e-  1 cm     e+  1 cm  proton 1 cm 
 Energy thresholds :  gamma  283.792 keV    e-  15.3667 MeV    e+  13.9869 MeV proton 1 MeV
 Region(s) which use this couple : 
    DefaultRegionForTheWorld

Index : 2     used in the geometry : Yes     recalculation needed : No 
 Material : XenonGas
 Range cuts        :  gamma  1 cm     e-  1 cm     e+  1 cm  proton 1 cm 
 Energy thresholds :  gamma  2.50257 keV    e-  40.6965 keV    e+  39.8843 keV proton 1 MeV
 Region(s) which use this couple : 
    DefaultRegionForTheWorld

====================================================================

### Run 0 start.

*********************************************************************************************************
* G4Track Information:   Particle = proton,   Track ID = 1,   Parent ID = 0
*********************************************************************************************************

Step#      X         Y         Z        KineE    dEStep   StepLeng  TrakLeng    Volume     Process
    0      0 fm      0 fm  -2.91 m     200 MeV     0 eV      0 fm      0 fm      World   initStep
    1      0 fm   12.9 cm   -2.4 m     200 MeV   201 keV  53.1 cm   53.1 cm      World   Transportation
    2    151 um   13.4 cm   -2.3 m     200 MeV  41.3 keV    10 cm   63.1 cm    Tracker   StepLimiter
    3    215 um   13.4 cm  -2.27 m     200 MeV  35.2 keV  2.95 cm   66.1 cm    Tracker        hIoni
    4    453 um   13.9 cm  -2.17 m     200 MeV  46.8 keV    10 cm   76.1 cm    Tracker   StepLimiter
    5    725 um   14.4 cm  -2.07 m     200 MeV  36.6 keV    10 cm   86.1 cm    Tracker   StepLimiter
    6    821 um   14.5 cm  -2.03 m     200 MeV  17.6 keV  3.82 cm   89.9 cm    Tracker        hIoni
    7    991 um     15 cm  -1.93 m     200 MeV    39 keV    10 cm   99.9 cm    Tracker   StepLimiter
    8   1.27 mm   15.5 cm  -1.83 m     199 MeV  41.3 keV    10 cm    1.1 m     Tracker   StepLimiter
    9   1.49 mm   15.8 cm  -1.76 m     199 MeV  37.3 keV  7.61 cm   1.18 m     Tracker        hIoni
   10   1.66 mm   16.2 cm  -1.67 m     199 MeV  34.8 keV  8.49 cm   1.26 m     Tracker        hIoni
   11   1.78 mm   16.5 cm   -1.6 m     199 MeV  26.7 keV  7.24 cm   1.33 m     Tracker   Transportation
   12   1.83 mm   17.3 cm  -1.48 m     199 MeV   126 keV  12.4 cm   1.46 m     Chamber        hIoni
   13   1.67 mm   17.6 cm   -1.4 m     199 MeV   112 keV   7.6 cm   1.53 m     Chamber   Transportation
   14   1.44 mm   18.2 cm   -1.3 m     199 MeV  37.8 keV    10 cm   1.63 m     Tracker   StepLimiter
   15   1.15 mm   18.7 cm   -1.2 m     199 MeV  41.1 keV    10 cm   1.73 m     Tracker   StepLimiter
   16    968 um   19.2 cm   -1.1 m     199 MeV  40.3 keV    10 cm   1.83 m     Tracker   StepLimiter
   17    829 um   19.7 cm     -1 m     199 MeV  50.4 keV    10 cm   1.93 m     Tracker   StepLimiter
   18    672 um   20.3 cm  -90.1 cm    199 MeV  32.5 keV    10 cm   2.03 m     Tracker   StepLimiter
   19    599 um   20.4 cm  -86.3 cm    199 MeV  12.6 keV  3.79 cm   2.07 m     Tracker        hIoni
   20    487 um   20.6 cm    -80 cm    199 MeV    21 keV   6.3 cm   2.13 m     Tracker   Transportation
   21   92.2 um   22.6 cm    -60 cm    199 MeV   240 keV  20.1 cm   2.34 m     Chamber   Transportation
   22   -723 um   23.1 cm    -50 cm    199 MeV  49.6 keV    10 cm   2.44 m     Tracker   StepLimiter
   23  -1.71 mm   23.6 cm    -40 cm    198 MeV  47.2 keV    10 cm   2.54 m     Tracker   StepLimiter
   24   -2.6 mm   24.2 cm  -30.1 cm    198 MeV    51 keV    10 cm   2.64 m     Tracker   StepLimiter
   25   -3.5 mm   24.7 cm  -20.1 cm    198 MeV  45.5 keV    10 cm   2.74 m     Tracker   StepLimiter
   26  -4.38 mm   25.2 cm  -10.1 cm    198 MeV  42.9 keV    10 cm   2.84 m     Tracker   StepLimiter
   27  -5.35 mm   25.7 cm  -1.07 mm    198 MeV  53.1 keV    10 cm   2.94 m     Tracker   StepLimiter
   28  -5.36 mm   25.7 cm 0.00289 fm    198 MeV   218 eV   1.07 mm   2.94 m     Tracker   Transportation
   29  -5.61 mm   25.8 cm   2.43 cm    198 MeV  27.5 keV  2.43 cm   2.96 m     Chamber        hIoni
   30  -7.27 mm   27.3 cm     20 cm    198 MeV   261 keV  17.7 cm   3.14 m     Chamber   Transportation
   31  -8.33 mm   27.9 cm     30 cm    198 MeV  38.1 keV    10 cm   3.24 m     Tracker   StepLimiter
   32  -9.33 mm   28.4 cm     40 cm    198 MeV  44.6 keV    10 cm   3.34 m     Tracker   StepLimiter
   33  -1.02 cm   28.9 cm   49.9 cm    198 MeV  34.7 keV    10 cm   3.44 m     Tracker   StepLimiter
   34  -1.11 cm   29.4 cm   59.9 cm    198 MeV  41.3 keV    10 cm   3.54 m     Tracker   StepLimiter
   35   -1.2 cm     30 cm   69.9 cm    198 MeV  33.4 keV    10 cm   3.64 m     Tracker   StepLimiter
   36  -1.29 cm   30.5 cm   79.9 cm    198 MeV  47.1 keV    10 cm   3.74 m     Tracker   StepLimiter
   37  -1.29 cm   30.5 cm     80 cm    198 MeV   546 eV   1.08 mm   3.74 m     Tracker   Transportation
   38  -1.36 cm   31.3 cm   92.4 cm    197 MeV   198 keV  12.4 cm   3.86 m     Chamber        hIoni
   39  -1.41 cm   31.6 cm      1 m     197 MeV  74.2 keV  7.66 cm   3.94 m     Chamber   Transportation
   40  -1.54 cm   32.1 cm    1.1 m     197 MeV  53.5 keV    10 cm   4.04 m     Tracker   StepLimiter
   41  -1.66 cm   32.7 cm    1.2 m     197 MeV    45 keV    10 cm   4.14 m     Tracker   StepLimiter
   42  -1.78 cm   33.2 cm    1.3 m     197 MeV  44.3 keV    10 cm   4.24 m     Tracker   StepLimiter
   43  -1.89 cm   33.8 cm    1.4 m     197 MeV  49.3 keV    10 cm   4.34 m     Tracker   StepLimiter
   44     -2 cm   34.3 cm    1.5 m     197 MeV  49.2 keV    10 cm   4.44 m     Tracker   StepLimiter
   45  -2.11 cm   34.9 cm    1.6 m     197 MeV  38.8 keV    10 cm   4.54 m     Tracker   StepLimiter
   46  -2.11 cm   34.9 cm    1.6 m     197 MeV  1.55 keV  1.15 mm   4.54 m     Tracker   Transportation
   47  -2.35 cm   36.9 cm    1.8 m     197 MeV   240 keV  20.1 cm   4.74 m     Chamber   Transportation
   48  -2.37 cm     37 cm   1.82 m     197 MeV  6.93 keV  2.41 cm   4.77 m     Tracker        hIoni
   49  -2.42 cm   37.2 cm   1.88 m     197 MeV  26.8 keV  6.09 cm   4.83 m     Tracker        hIoni
   50   -2.5 cm   37.8 cm   1.98 m     197 MeV  35.5 keV    10 cm   4.93 m     Tracker   StepLimiter
   51  -2.59 cm   38.4 cm   2.08 m     197 MeV  48.5 keV    10 cm   5.03 m     Tracker   StepLimiter
   52   -2.6 cm   38.4 cm   2.11 m     197 MeV    11 keV  2.13 cm   5.05 m     Tracker        hIoni
   53  -2.69 cm     39 cm   2.21 m     197 MeV  34.4 keV    10 cm   5.15 m     Tracker   StepLimiter
   54  -2.79 cm   39.6 cm   2.31 m     196 MeV  40.9 keV    10 cm   5.25 m     Tracker   StepLimiter
   55  -2.88 cm   40.1 cm    2.4 m     196 MeV  36.5 keV  9.48 cm   5.34 m     Tracker   Transportation
   56  -2.99 cm   40.9 cm   2.51 m     196 MeV  39.4 keV  11.3 cm   5.46 m       World        hIoni
   57  -3.31 cm   47.6 cm   2.87 m     196 MeV   143 keV  36.8 cm   5.82 m       World        hIoni
   58  -3.35 cm   47.7 cm   2.91 m     196 MeV  20.7 keV  3.69 cm   5.86 m       World   OutOfWorld

*********************************************************************************************************
* G4Track Information:   Particle = e-,   Track ID = 12,   Parent ID = 1
*********************************************************************************************************

Step#      X         Y         Z        KineE    dEStep   StepLeng  TrakLeng    Volume     Process
    0  -3.31 cm   47.6 cm   2.87 m    18.9 keV     0 eV      0 fm      0 fm      World   initStep
    1  -3.14 cm   47.7 cm   2.87 m    14.3 keV   4.6 keV  2.86 mm   2.86 mm      World        eIoni
    2  -3.08 cm   47.7 cm   2.87 m    9.79 keV  4.51 keV  2.25 mm   5.11 mm      World        eIoni
    3  -2.95 cm   47.8 cm   2.87 m    1.71 keV  8.08 keV  1.66 mm   6.77 mm      World        eIoni
    4  -2.95 cm   47.8 cm   2.87 m       0 eV   1.71 keV   118 um   6.89 mm      World        eIoni

*********************************************************************************************************
* G4Track Information:   Particle = e-,   Track ID = 11,   Parent ID = 1
*********************************************************************************************************

Step#      X         Y         Z        KineE    dEStep   StepLeng  TrakLeng    Volume     Process
    0  -2.99 cm   40.9 cm   2.51 m    18.6 keV     0 eV      0 fm      0 fm      World   initStep
    1  -2.77 cm     41 cm   2.51 m    15.1 keV  3.58 keV  2.82 mm   2.82 mm      World        eIoni
    2  -2.72 cm   40.8 cm   2.51 m    8.57 keV  6.49 keV  2.35 mm   5.17 mm      World        eIoni
    3  -2.73 cm   40.8 cm   2.51 m    1.97 keV  6.61 keV  1.48 mm   6.65 mm      World        eIoni
    4  -2.72 cm   40.8 cm   2.51 m       0 eV   1.97 keV   147 um    6.8 mm      World        eIoni

*********************************************************************************************************
* G4Track Information:   Particle = e-,   Track ID = 10,   Parent ID = 1
*********************************************************************************************************

Step#      X         Y         Z        KineE    dEStep   StepLeng  TrakLeng    Volume     Process
    0   -2.6 cm   38.4 cm   2.11 m    72.3 keV     0 eV      0 fm      0 fm    Tracker   initStep
    1   -3.7 cm   38.9 cm   2.11 m    62.8 keV  9.57 keV  1.63 cm   1.63 cm    Tracker        eIoni
    2   -4.6 cm   39.2 cm    2.1 m    44.3 keV  18.4 keV  1.31 cm   2.94 cm    Tracker        eIoni
    3  -4.94 cm   39.4 cm   2.11 m    40.4 keV  3.95 keV  7.76 mm   3.72 cm    Tracker        eIoni
    4  -5.54 cm   39.4 cm   2.11 m    34.1 keV   6.3 keV  6.81 mm    4.4 cm    Tracker        eIoni
    5  -5.79 cm   39.5 cm   2.11 m    25.6 keV  8.48 keV  5.45 mm   4.94 cm    Tracker        eIoni
    6  -5.84 cm   39.5 cm   2.11 m    21.2 keV  4.36 keV  3.88 mm   5.33 cm    Tracker        eIoni
    7   -5.9 cm   39.5 cm   2.11 m    18.1 keV   3.1 keV  3.19 mm   5.65 cm    Tracker        eIoni
    8  -5.79 cm   39.4 cm   2.11 m    10.9 keV  7.21 keV  2.75 mm   5.92 cm    Tracker        eIoni
    9  -5.94 cm   39.5 cm   2.11 m    6.64 keV  4.29 keV  1.82 mm   6.11 cm    Tracker        eIoni
   10  -5.99 cm   39.5 cm   2.11 m    2.31 keV  4.33 keV   1.1 mm   6.22 cm    Tracker        eIoni
   11  -5.98 cm   39.5 cm   2.11 m       0 eV   2.31 keV   190 um   6.23 cm    Tracker        eIoni

*********************************************************************************************************
* G4Track Information:   Particle = e-,   Track ID = 9,   Parent ID = 1
*********************************************************************************************************

Step#      X         Y         Z        KineE    dEStep   StepLeng  TrakLeng    Volume     Process
    0  -2.37 cm     37 cm   1.82 m      25 keV     0 eV      0 fm      0 fm    Tracker   initStep
    1  -2.29 cm     37 cm   1.82 m    20.3 keV  4.74 keV  3.78 mm   3.78 mm    Tracker        eIoni
    2  -2.25 cm   36.9 cm   1.82 m    13.5 keV  6.73 keV  3.05 mm   6.84 mm    Tracker        eIoni
    3  -2.18 cm   36.8 cm   1.82 m    9.79 keV  3.76 keV  2.16 mm   8.99 mm    Tracker        eIoni
    4  -2.13 cm   36.8 cm   1.82 m       0 eV   9.79 keV  1.66 mm   1.07 cm    Tracker        eIoni

*********************************************************************************************************
* G4Track Information:   Particle = e-,   Track ID = 8,   Parent ID = 1
*********************************************************************************************************

Step#      X         Y         Z        KineE    dEStep   StepLeng  TrakLeng    Volume     Process
    0  -1.36 cm   31.3 cm   92.4 cm    141 keV     0 eV      0 fm      0 fm    Chamber   initStep
    1  -1.53 cm   32.1 cm   91.5 cm    127 keV  13.8 keV  1.91 cm   1.91 cm    Chamber        eIoni
    2  -2.95 cm   32.1 cm     92 cm    109 keV  18.2 keV  1.63 cm   3.54 cm    Chamber        eIoni
    3  -3.52 cm   32.7 cm   91.5 cm   96.2 keV  12.9 keV  1.28 cm   4.82 cm    Chamber          msc
    4  -3.49 cm   32.5 cm   91.1 cm     77 keV  19.2 keV  1.08 cm   5.91 cm    Chamber        eIoni
    5  -2.88 cm   32.3 cm   91.3 cm     68 keV  9.04 keV  7.97 mm    6.7 cm    Chamber        eIoni
    6  -2.57 cm   32.4 cm   91.4 cm   56.1 keV  11.9 keV  6.77 mm   7.38 cm    Chamber        eIoni
    7  -2.28 cm   32.1 cm   91.7 cm   49.1 keV  6.98 keV  5.33 mm   7.91 cm    Chamber        eIoni
    8  -2.19 cm   31.9 cm   91.7 cm   46.2 keV  2.93 keV  4.57 mm   8.37 cm    Chamber        eIoni
    9  -2.33 cm   32.1 cm   91.9 cm   34.1 keV  12.1 keV  4.27 mm    8.8 cm    Chamber        eIoni
   10  -2.46 cm     32 cm   91.9 cm   17.8 keV  16.4 keV  3.14 mm   9.11 cm    Chamber        eIoni
   11  -2.52 cm     32 cm   91.8 cm   3.98 keV  13.8 keV  1.87 mm    9.3 cm    Chamber        eIoni
   12  -2.52 cm     32 cm   91.8 cm      0 eV   3.98 keV   273 um   9.32 cm    Chamber        eIoni

*********************************************************************************************************
* G4Track Information:   Particle = e-,   Track ID = 7,   Parent ID = 1
*********************************************************************************************************

Step#      X         Y         Z        KineE    dEStep   StepLeng  TrakLeng    Volume     Process
    0  -5.61 mm   25.8 cm   2.43 cm   46.9 keV     0 eV      0 fm      0 fm    Chamber   initStep
    1  -3.81 mm   25.6 cm   2.59 cm   39.2 keV  7.68 keV  4.34 mm   4.34 mm    Chamber        eIoni
    2  -2.63 mm   25.3 cm    2.7 cm   31.5 keV  7.74 keV   3.6 mm   7.94 mm    Chamber        eIoni
    3  -4.68 mm   25.4 cm   2.68 cm   12.4 keV  19.1 keV  2.92 mm   1.09 cm    Chamber        eIoni
    4  -3.74 mm   25.4 cm   2.67 cm   4.17 keV  8.21 keV  1.39 mm   1.23 cm    Chamber        eIoni
    5  -3.72 mm   25.4 cm   2.67 cm      0 eV   4.17 keV   292 um   1.25 cm    Chamber        eIoni

*********************************************************************************************************
* G4Track Information:   Particle = e-,   Track ID = 6,   Parent ID = 1
*********************************************************************************************************

Step#      X         Y         Z        KineE    dEStep   StepLeng  TrakLeng    Volume     Process
    0    599 um   20.4 cm  -86.3 cm   36.2 keV     0 eV      0 fm      0 fm    Tracker   initStep
    1   -737 um   20.5 cm  -86.2 cm   17.9 keV  18.4 keV  5.89 mm   5.89 mm    Tracker        eIoni
    2  -58.6 um   20.5 cm  -86.2 cm   12.6 keV  5.24 keV  2.71 mm   8.61 mm    Tracker        eIoni
    3  -56.4 um   20.5 cm  -86.3 cm   6.65 keV  5.97 keV  2.04 mm   1.06 cm    Tracker        eIoni
    4    328 um   20.5 cm  -86.3 cm      0 eV   6.65 keV   1.1 mm   1.17 cm    Tracker        eIoni

*********************************************************************************************************
* G4Track Information:   Particle = e-,   Track ID = 5,   Parent ID = 1
*********************************************************************************************************

Step#      X         Y         Z        KineE    dEStep   StepLeng  TrakLeng    Volume     Process
    0   1.83 mm   17.3 cm  -1.48 m    41.3 keV     0 eV      0 fm      0 fm    Chamber   initStep
    1    870 um   17.2 cm  -1.48 m    37.5 keV  3.74 keV  3.78 mm   3.78 mm    Chamber        eIoni
    2   1.74 mm     17 cm  -1.48 m    31.1 keV  6.36 keV  3.44 mm   7.22 mm    Chamber        eIoni
    3   1.41 mm   17.1 cm  -1.48 m    26.8 keV  4.31 keV   2.9 mm   1.01 cm    Chamber        eIoni
    4    726 um   17.2 cm  -1.48 m    23.3 keV  3.57 keV  2.55 mm   1.27 cm    Chamber        eIoni
    5    742 um   17.3 cm  -1.48 m    16.2 keV  7.03 keV  2.28 mm    1.5 cm    Chamber        eIoni
    6   -720 um   17.3 cm  -1.48 m    9.96 keV  6.27 keV  1.75 mm   1.67 cm    Chamber        eIoni
    7  -23.5 um   17.3 cm  -1.48 m    1.19 keV  8.78 keV  1.09 mm   1.78 cm    Chamber        eIoni
    8  -19.5 um   17.3 cm  -1.48 m       0 eV   1.19 keV    52 um   1.78 cm    Chamber        eIoni

*********************************************************************************************************
* G4Track Information:   Particle = e-,   Track ID = 4,   Parent ID = 1
*********************************************************************************************************

Step#      X         Y         Z        KineE    dEStep   StepLeng  TrakLeng    Volume     Process
    0   1.49 mm   15.8 cm  -1.76 m    19.8 keV     0 eV      0 fm      0 fm    Tracker   initStep
    1   2.51 mm   15.7 cm  -1.76 m    15.4 keV  4.37 keV  2.98 mm   2.98 mm    Tracker        eIoni
    2    946 um   15.7 cm  -1.76 m    8.22 keV  7.18 keV  2.39 mm   5.37 mm    Tracker        eIoni
    3    685 um   15.7 cm  -1.76 m    2.34 keV  5.88 keV  1.42 mm   6.79 mm    Tracker        eIoni
    4    649 um   15.7 cm  -1.76 m       0 eV   2.34 keV   194 um   6.99 mm    Tracker        eIoni

*********************************************************************************************************
* G4Track Information:   Particle = e-,   Track ID = 3,   Parent ID = 1
*********************************************************************************************************

Step#      X         Y         Z        KineE    dEStep   StepLeng  TrakLeng    Volume     Process
    0    821 um   14.5 cm  -2.03 m    28.1 keV     0 eV      0 fm      0 fm    Tracker   initStep
    1   4.42 mm   14.4 cm  -2.03 m    24.1 keV  3.99 keV  4.31 mm   4.31 mm    Tracker        eIoni
    2   6.48 mm   14.5 cm  -2.03 m    18.9 keV  5.22 keV  3.64 mm   7.95 mm    Tracker        eIoni
    3   7.71 mm   14.6 cm  -2.03 m    14.1 keV  4.84 keV  2.86 mm   1.08 cm    Tracker        eIoni
    4   8.82 mm   14.6 cm  -2.03 m       7 keV  7.07 keV  2.22 mm    1.3 cm    Tracker        eIoni
    5   8.64 mm   14.6 cm  -2.03 m     985 eV   6.02 keV  1.18 mm   1.42 cm    Tracker        eIoni
    6   8.63 mm   14.6 cm  -2.03 m       0 eV    985 eV   52.1 um   1.43 cm    Tracker        eIoni

*********************************************************************************************************
* G4Track Information:   Particle = e-,   Track ID = 2,   Parent ID = 1
*********************************************************************************************************

Step#      X         Y         Z        KineE    dEStep   StepLeng  TrakLeng    Volume     Process
    0    215 um   13.4 cm  -2.27 m    19.9 keV     0 eV      0 fm      0 fm    Tracker   initStep
    1    944 um   13.4 cm  -2.27 m    15.4 keV  4.51 keV  2.99 mm   2.99 mm    Tracker        eIoni
    2   93.7 um   13.4 cm  -2.27 m    4.44 keV  10.9 keV  2.39 mm   5.38 mm    Tracker        eIoni
    3  -40.3 um   13.4 cm  -2.27 m       0 eV   4.44 keV   558 um   5.94 mm    Tracker        eIoni
>>> Event 0
    0 trajectories stored in this event.
